Using pre-set license
Built from '2021.3/staging' branch; Version is '2021.3.9f1 (ad3870b89536) revision 11352176'; Using compiler version '192829333'; Build Type 'Release'
OS: 'Windows 10  (10.0.19045) 64bit Professional' Language: 'ko' Physical Memory: 16265 MB
BatchMode: 1, IsHumanControllingUs: 0, StartBugReporterOnCrash: 0, Is64bit: 1, IsPro: 1

COMMAND LINE ARGUMENTS:
C:\Program Files\Unity 2021.3.9f1\Editor\Unity.exe
-adb2
-batchMode
-noUpm
-name
AssetImportWorker0
-projectPath
C:/UnityStudy/unityShaderBuiltin
-logFile
Logs/AssetImportWorker0.log
-srvPort
50391
Successfully changed project path to: C:/UnityStudy/unityShaderBuiltin
C:/UnityStudy/unityShaderBuiltin
[UnityMemory] Configuration Parameters - Can be set up in boot.config
    "memorysetup-bucket-allocator-granularity=16"
    "memorysetup-bucket-allocator-bucket-count=8"
    "memorysetup-bucket-allocator-block-size=33554432"
    "memorysetup-bucket-allocator-block-count=8"
    "memorysetup-main-allocator-block-size=16777216"
    "memorysetup-thread-allocator-block-size=16777216"
    "memorysetup-gfx-main-allocator-block-size=16777216"
    "memorysetup-gfx-thread-allocator-block-size=16777216"
    "memorysetup-cache-allocator-block-size=4194304"
    "memorysetup-typetree-allocator-block-size=2097152"
    "memorysetup-profiler-bucket-allocator-granularity=16"
    "memorysetup-profiler-bucket-allocator-bucket-count=8"
    "memorysetup-profiler-bucket-allocator-block-size=33554432"
    "memorysetup-profiler-bucket-allocator-block-count=8"
    "memorysetup-profiler-allocator-block-size=16777216"
    "memorysetup-profiler-editor-allocator-block-size=1048576"
    "memorysetup-temp-allocator-size-main=16777216"
    "memorysetup-job-temp-allocator-block-size=2097152"
    "memorysetup-job-temp-allocator-block-size-background=1048576"
    "memorysetup-job-temp-allocator-reduction-small-platforms=262144"
    "memorysetup-temp-allocator-size-background-worker=32768"
    "memorysetup-temp-allocator-size-job-worker=262144"
    "memorysetup-temp-allocator-size-preload-manager=33554432"
    "memorysetup-temp-allocator-size-nav-mesh-worker=65536"
    "memorysetup-temp-allocator-size-audio-worker=65536"
    "memorysetup-temp-allocator-size-cloud-worker=32768"
    "memorysetup-temp-allocator-size-gi-baking-worker=262144"
    "memorysetup-temp-allocator-size-gfx=262144"
Refreshing native plugins compatible for Editor in 62.80 ms, found 3 plugins.
Preloading 0 native plugins for Editor in 0.00 ms.
Initialize engine version: 2021.3.9f1 (ad3870b89536)
[Subsystems] Discovering subsystems at path C:/Program Files/Unity 2021.3.9f1/Editor/Data/Resources/UnitySubsystems
[Subsystems] Discovering subsystems at path C:/UnityStudy/unityShaderBuiltin/Assets
GfxDevice: creating device client; threaded=0; jobified=0
Direct3D:
    Version:  Direct3D 11.0 [level 11.1]
    Renderer: NVIDIA GeForce GTX 1660 SUPER (ID=0x21c4)
    Vendor:   NVIDIA
    VRAM:     5980 MB
    Driver:   31.0.15.2698
Shader 'Custom/sh2PassBlend': fallback shader 'Legacy Shader/Transparent/VertexLit' not found
Initialize mono
Mono path[0] = 'C:/Program Files/Unity 2021.3.9f1/Editor/Data/Managed'
Mono path[1] = 'C:/Program Files/Unity 2021.3.9f1/Editor/Data/MonoBleedingEdge/lib/mono/unityjit-win32'
Mono config path = 'C:/Program Files/Unity 2021.3.9f1/Editor/Data/MonoBleedingEdge/etc'
Using monoOptions --debugger-agent=transport=dt_socket,embedding=1,server=y,suspend=n,address=127.0.0.1:56096
Begin MonoManager ReloadAssembly
Registering precompiled unity dll's ...
Register platform support module: C:/Program Files/Unity 2021.3.9f1/Editor/Data/PlaybackEngines/WindowsStandaloneSupport/UnityEditor.WindowsStandalone.Extensions.dll
Registered in 0.001539 seconds.
Native extension for WindowsStandalone target not found
Refreshing native plugins compatible for Editor in 71.98 ms, found 3 plugins.
Preloading 0 native plugins for Editor in 0.00 ms.
Mono: successfully reloaded assembly
- Completed reload, in  0.465 seconds
Domain Reload Profiling:
	ReloadAssembly (466ms)
		BeginReloadAssembly (54ms)
			ExecutionOrderSort (0ms)
			DisableScriptedObjects (0ms)
			BackupInstance (0ms)
			ReleaseScriptingObjects (0ms)
			CreateAndSetChildDomain (1ms)
		EndReloadAssembly (341ms)
			LoadAssemblies (53ms)
			RebuildTransferFunctionScriptingTraits (0ms)
			SetupTypeCache (73ms)
			ReleaseScriptCaches (0ms)
			RebuildScriptCaches (20ms)
			SetupLoadedEditorAssemblies (213ms)
				LogAssemblyErrors (0ms)
				InitializePlatformSupportModulesInManaged (5ms)
				SetLoadedEditorAssemblies (0ms)
				RefreshPlugins (72ms)
				BeforeProcessingInitializeOnLoad (1ms)
				ProcessInitializeOnLoadAttributes (96ms)
				ProcessInitializeOnLoadMethodAttributes (38ms)
				AfterProcessingInitializeOnLoad (0ms)
				EditorAssembliesLoaded (0ms)
			ExecutionOrderSort2 (0ms)
			AwakeInstancesAfterBackupRestoration (0ms)
Platform modules already initialized, skipping
Registering precompiled user dll's ...
Registered in 0.002811 seconds.
Begin MonoManager ReloadAssembly
Symbol file LoadedFromMemory doesn't match image C:\UnityStudy\unityShaderBuiltin\Library\PackageCache\com.unity.visualscripting@1.7.8\Editor\VisualScripting.Core\Dependencies\YamlDotNet\Unity.VisualScripting.YamlDotNet.dll
Symbol file LoadedFromMemory doesn't match image C:\UnityStudy\unityShaderBuiltin\Library\PackageCache\com.unity.visualscripting@1.7.8\Editor\VisualScripting.Core\Dependencies\DotNetZip\Unity.VisualScripting.IonicZip.dll
Native extension for WindowsStandalone target not found
Refreshing native plugins compatible for Editor in 0.68 ms, found 3 plugins.
Preloading 0 native plugins for Editor in 0.00 ms.
Mono: successfully reloaded assembly
- Completed reload, in  0.759 seconds
Domain Reload Profiling:
	ReloadAssembly (759ms)
		BeginReloadAssembly (91ms)
			ExecutionOrderSort (0ms)
			DisableScriptedObjects (4ms)
			BackupInstance (0ms)
			ReleaseScriptingObjects (0ms)
			CreateAndSetChildDomain (14ms)
		EndReloadAssembly (586ms)
			LoadAssemblies (66ms)
			RebuildTransferFunctionScriptingTraits (0ms)
			SetupTypeCache (184ms)
			ReleaseScriptCaches (0ms)
			RebuildScriptCaches (40ms)
			SetupLoadedEditorAssemblies (275ms)
				LogAssemblyErrors (0ms)
				InitializePlatformSupportModulesInManaged (5ms)
				SetLoadedEditorAssemblies (1ms)
				RefreshPlugins (1ms)
				BeforeProcessingInitializeOnLoad (68ms)
				ProcessInitializeOnLoadAttributes (177ms)
				ProcessInitializeOnLoadMethodAttributes (23ms)
				AfterProcessingInitializeOnLoad (2ms)
				EditorAssembliesLoaded (0ms)
			ExecutionOrderSort2 (0ms)
			AwakeInstancesAfterBackupRestoration (5ms)
Platform modules already initialized, skipping
========================================================================
Worker process is ready to serve import requests
Shader 'Custom/sh2PassBlend': fallback shader 'Legacy Shader/Transparent/VertexLit' not found
Launched and connected shader compiler UnityShaderCompiler.exe after 0.02 seconds
Refreshing native plugins compatible for Editor in 0.52 ms, found 3 plugins.
Preloading 0 native plugins for Editor in 0.00 ms.
Unloading 3558 Unused Serialized files (Serialized files now loaded: 0)
Unloading 39 unused Assets / (1.3 MB). Loaded Objects now: 4007.
Memory consumption went from 150.1 MB to 148.8 MB.
Total: 3.497200 ms (FindLiveObjects: 0.382300 ms CreateObjectMapping: 0.116000 ms MarkObjects: 2.593100 ms  DeleteObjects: 0.404100 ms)

AssetImportParameters requested are different than current active one (requested -> active):
  custom:video-decoder-ogg-theora: a1e56fd34408186e4bbccfd4996cb3dc -> 
  custom:container-muxer-webm: aa71ff27fc2769a1b78a27578f13a17b -> 
  custom:container-demuxer-webm: 4f35f7cbe854078d1ac9338744f61a02 -> 
  custom:video-encoder-webm-vp8: eb34c28f22e8b96e1ab97ce403110664 -> 
  custom:audio-encoder-webm-vorbis: bf7c407c2cedff20999df2af8eb42d56 -> 
  custom:framework-win-MediaFoundation: 216162199b28c13a410421893ffa2e32 -> 
  custom:container-demuxer-ogg: 62fdf1f143b41e24485cea50d1cbac27 -> 
  custom:video-decoder-webm-vp8: 9c59270c3fd7afecdb556c50c9e8de78 -> 
  custom:audio-decoder-ogg-vorbis: bf7c407c2cedff20999df2af8eb42d56 -> 
========================================================================
Received Import Request.
  Time since last request: 7683.202329 seconds.
  path: Assets/16_Apply_Water/shApplyWater_0.shader
  artifactKey: Guid(4442a3eedc4a3844598c991ba465a50e) Importer(815301076,1909f56bfc062723c751e8b465ee728b)
Start importing Assets/16_Apply_Water/shApplyWater_0.shader using Guid(4442a3eedc4a3844598c991ba465a50e) Importer(815301076,1909f56bfc062723c751e8b465ee728b)  -> (artifact id: 'b2cbad563dfc32557fb05acab9712866') in 0.021902 seconds 
========================================================================
Received Import Request.
  Time since last request: 166.141600 seconds.
  path: Assets/16_Apply_Water/shApplyWater_0.shader
  artifactKey: Guid(4442a3eedc4a3844598c991ba465a50e) Importer(815301076,1909f56bfc062723c751e8b465ee728b)
Start importing Assets/16_Apply_Water/shApplyWater_0.shader using Guid(4442a3eedc4a3844598c991ba465a50e) Importer(815301076,1909f56bfc062723c751e8b465ee728b)  -> (artifact id: '6689e8729193c13f7eba21f9a858d870') in 0.001593 seconds 
========================================================================
Received Import Request.
  Time since last request: 9.266846 seconds.
  path: Assets/16_Apply_Water/shApplyWater_0.shader
  artifactKey: Guid(4442a3eedc4a3844598c991ba465a50e) Importer(815301076,1909f56bfc062723c751e8b465ee728b)
Start importing Assets/16_Apply_Water/shApplyWater_0.shader using Guid(4442a3eedc4a3844598c991ba465a50e) Importer(815301076,1909f56bfc062723c751e8b465ee728b)  -> (artifact id: '60f6007630cc1daaeb4e035699cea7f4') in 0.001314 seconds 
========================================================================
Received Import Request.
  Time since last request: 145.237356 seconds.
  path: Assets/16_Apply_Water/water_normal.jpg
  artifactKey: Guid(aa25380c26bbfef4eb7c3da1ba710728) Importer(815301076,1909f56bfc062723c751e8b465ee728b)
Start importing Assets/16_Apply_Water/water_normal.jpg using Guid(aa25380c26bbfef4eb7c3da1ba710728) Importer(815301076,1909f56bfc062723c751e8b465ee728b)  -> (artifact id: 'e934ee07139764467c6a7040d8f03e1b') in 0.034603 seconds 
========================================================================
Received Import Request.
  Time since last request: 6.695188 seconds.
  path: Assets/16_Apply_Water/water_normal.jpg
  artifactKey: Guid(aa25380c26bbfef4eb7c3da1ba710728) Importer(815301076,1909f56bfc062723c751e8b465ee728b)
Start importing Assets/16_Apply_Water/water_normal.jpg using Guid(aa25380c26bbfef4eb7c3da1ba710728) Importer(815301076,1909f56bfc062723c751e8b465ee728b)  -> (artifact id: '864756818ebd218698c2977c7f8064d3') in 0.028821 seconds 
========================================================================
Received Import Request.
  Time since last request: 67.479359 seconds.
  path: Assets/16_Apply_Water/shApplyWater_0.shader
  artifactKey: Guid(4442a3eedc4a3844598c991ba465a50e) Importer(815301076,1909f56bfc062723c751e8b465ee728b)
Start importing Assets/16_Apply_Water/shApplyWater_0.shader using Guid(4442a3eedc4a3844598c991ba465a50e) Importer(815301076,1909f56bfc062723c751e8b465ee728b)  -> (artifact id: '3b5d665b6b7efeec176aa24d8ad81cf4') in 0.001216 seconds 
========================================================================
Received Import Request.
  Time since last request: 129.151607 seconds.
  path: Assets/16_Apply_Water/shApplyWater_0 1.shader
  artifactKey: Guid(e123f551c1253424bac5c83ce55bf18c) Importer(815301076,1909f56bfc062723c751e8b465ee728b)
Start importing Assets/16_Apply_Water/shApplyWater_0 1.shader using Guid(e123f551c1253424bac5c83ce55bf18c) Importer(815301076,1909f56bfc062723c751e8b465ee728b)  -> (artifact id: '97c907bf02afebd3e9eac77d8d87707b') in 0.001897 seconds 
========================================================================
Received Import Request.
  Time since last request: 2.241431 seconds.
  path: Assets/16_Apply_Water/shApplyWater_1.shader
  artifactKey: Guid(e123f551c1253424bac5c83ce55bf18c) Importer(815301076,1909f56bfc062723c751e8b465ee728b)
Start importing Assets/16_Apply_Water/shApplyWater_1.shader using Guid(e123f551c1253424bac5c83ce55bf18c) Importer(815301076,1909f56bfc062723c751e8b465ee728b)  -> (artifact id: '6b8695f995adf29828cb5ed73386c031') in 0.001782 seconds 
========================================================================
Received Import Request.
  Time since last request: 6.324326 seconds.
  path: Assets/16_Apply_Water/shApplyWater_1.shader
  artifactKey: Guid(e123f551c1253424bac5c83ce55bf18c) Importer(815301076,1909f56bfc062723c751e8b465ee728b)
Start importing Assets/16_Apply_Water/shApplyWater_1.shader using Guid(e123f551c1253424bac5c83ce55bf18c) Importer(815301076,1909f56bfc062723c751e8b465ee728b)  -> (artifact id: 'e52f3d65a5781090fac33b36b139e8a6') in 0.001757 seconds 
========================================================================
Received Import Request.
  Time since last request: 258.516681 seconds.
  path: Assets/16_Apply_Water/shApplyWater_1.shader
  artifactKey: Guid(e123f551c1253424bac5c83ce55bf18c) Importer(815301076,1909f56bfc062723c751e8b465ee728b)
Start importing Assets/16_Apply_Water/shApplyWater_1.shader using Guid(e123f551c1253424bac5c83ce55bf18c) Importer(815301076,1909f56bfc062723c751e8b465ee728b)  -> (artifact id: 'eb40fed8c32421404ec7f3b8849f46eb') in 0.001956 seconds 
========================================================================
Received Import Request.
  Time since last request: 255.232215 seconds.
  path: Assets/16_Apply_Water/shApplyWater_1.shader
  artifactKey: Guid(e123f551c1253424bac5c83ce55bf18c) Importer(815301076,1909f56bfc062723c751e8b465ee728b)
Start importing Assets/16_Apply_Water/shApplyWater_1.shader using Guid(e123f551c1253424bac5c83ce55bf18c) Importer(815301076,1909f56bfc062723c751e8b465ee728b)  -> (artifact id: 'ff8fdf235104ac8fa25bdf6efcfbdc84') in 0.001635 seconds 
========================================================================
Received Import Request.
  Time since last request: 24.743309 seconds.
  path: Assets/16_Apply_Water/shApplyWater_1.shader
  artifactKey: Guid(e123f551c1253424bac5c83ce55bf18c) Importer(815301076,1909f56bfc062723c751e8b465ee728b)
Start importing Assets/16_Apply_Water/shApplyWater_1.shader using Guid(e123f551c1253424bac5c83ce55bf18c) Importer(815301076,1909f56bfc062723c751e8b465ee728b)  -> (artifact id: '64543d85646fe38b2e76d86e0e48fa2b') in 0.001738 seconds 
========================================================================
Received Import Request.
  Time since last request: 729.195295 seconds.
  path: Assets/16_Apply_Water/shApplyWater_1.shader
  artifactKey: Guid(e123f551c1253424bac5c83ce55bf18c) Importer(815301076,1909f56bfc062723c751e8b465ee728b)
Start importing Assets/16_Apply_Water/shApplyWater_1.shader using Guid(e123f551c1253424bac5c83ce55bf18c) Importer(815301076,1909f56bfc062723c751e8b465ee728b)  -> (artifact id: '77d37e873f5667d889bd79dca7c9609c') in 0.002293 seconds 
========================================================================
Received Import Request.
  Time since last request: 5.037035 seconds.
  path: Assets/16_Apply_Water/shApplyWater_1 1.shader
  artifactKey: Guid(6af2f9bd5ae36df4fbfb723a1054508b) Importer(815301076,1909f56bfc062723c751e8b465ee728b)
Start importing Assets/16_Apply_Water/shApplyWater_1 1.shader using Guid(6af2f9bd5ae36df4fbfb723a1054508b) Importer(815301076,1909f56bfc062723c751e8b465ee728b)  -> (artifact id: '5a201c285740a0c43124e0e5aa4aca42') in 0.001959 seconds 
========================================================================
Received Import Request.
  Time since last request: 3.614194 seconds.
  path: Assets/16_Apply_Water/shApplyWater_2.shader
  artifactKey: Guid(6af2f9bd5ae36df4fbfb723a1054508b) Importer(815301076,1909f56bfc062723c751e8b465ee728b)
Start importing Assets/16_Apply_Water/shApplyWater_2.shader using Guid(6af2f9bd5ae36df4fbfb723a1054508b) Importer(815301076,1909f56bfc062723c751e8b465ee728b)  -> (artifact id: '307a8c396a6a75e6de812ec4bb679ec7') in 0.001829 seconds 
========================================================================
Received Import Request.
  Time since last request: 5.446339 seconds.
  path: Assets/16_Apply_Water/shApplyWater_2.shader
  artifactKey: Guid(6af2f9bd5ae36df4fbfb723a1054508b) Importer(815301076,1909f56bfc062723c751e8b465ee728b)
Start importing Assets/16_Apply_Water/shApplyWater_2.shader using Guid(6af2f9bd5ae36df4fbfb723a1054508b) Importer(815301076,1909f56bfc062723c751e8b465ee728b)  -> (artifact id: 'ace9faee81c4751ec12343dcaa2cf202') in 0.001634 seconds 
